<?xml version="1.0" encoding="UTF-8"?>
<!-- Generated by org.testng.reporters.JUnitReportReporter -->
<testsuite skipped="0" hostname="fahad" name="TestingTestNG.PracticeTestNG" tests="1" failures="0" timestamp="11 Jun 2022 03:18:52 GMT" time="2.334" errors="0">
  <testcase name="baselogin" time="2.334" classname="TestingTestNG.PracticeTestNG"/>
</testsuite> <!-- TestingTestNG.PracticeTestNG -->
